11:05:25,088 [main] INFO  com.MySeleniumMavenAssignment.tests.BaseTest- Chrome browser was opened successfully
11:05:29,974 [main] INFO  com.MySeleniumMavenAssignment.tests.BaseTest- Amazon.in website was opened
11:05:32,097 [main] INFO  com.MySeleniumMavenAssignment.tests.NewUserAccountTest- Reach to Amazon Registration page
11:05:32,099 [main] INFO  com.MySeleniumMavenAssignment.tests.BaseTest- Test case passed 
11:05:32,131 [main] INFO  com.MySeleniumMavenAssignment.tests.BaseTest- Amazon.in website was closed
11:05:33,217 [main] INFO  com.MySeleniumMavenAssignment.tests.BaseTest- Chrome browser was opened successfully
11:05:36,220 [main] INFO  com.MySeleniumMavenAssignment.tests.BaseTest- Amazon.in website was opened
11:05:37,244 [main] INFO  com.MySeleniumMavenAssignment.tests.SignInTest- It is again Amazon Sign In Page
11:05:37,246 [main] INFO  com.MySeleniumMavenAssignment.tests.BaseTest- Test case passed 
11:05:37,278 [main] INFO  com.MySeleniumMavenAssignment.tests.BaseTest- Amazon.in website was closed
11:05:38,362 [main] INFO  com.MySeleniumMavenAssignment.tests.BaseTest- Chrome browser was opened successfully
11:05:40,631 [main] INFO  com.MySeleniumMavenAssignment.tests.BaseTest- Amazon.in website was opened
11:05:42,507 [main] INFO  com.MySeleniumMavenAssignment.tests.SearchboxTest- Search for product is Successful
11:05:42,508 [main] INFO  com.MySeleniumMavenAssignment.tests.BaseTest- Test case passed 
11:05:42,541 [main] INFO  com.MySeleniumMavenAssignment.tests.BaseTest- Amazon.in website was closed
11:05:43,612 [main] INFO  com.MySeleniumMavenAssignment.tests.BaseTest- Chrome browser was opened successfully
11:05:46,159 [main] INFO  com.MySeleniumMavenAssignment.tests.BaseTest- Amazon.in website was opened
11:05:50,711 [main] INFO  com.MySeleniumMavenAssignment.tests.BaseTest- Test case failed
11:05:50,750 [main] INFO  com.MySeleniumMavenAssignment.tests.BaseTest- Amazon.in website was closed
11:05:51,888 [main] INFO  com.MySeleniumMavenAssignment.tests.BaseTest- Chrome browser was opened successfully
11:05:54,802 [main] INFO  com.MySeleniumMavenAssignment.tests.BaseTest- Amazon.in website was opened
11:05:55,049 [main] INFO  com.MySeleniumMavenAssignment.tests.BaseTest- Test case failed
11:05:55,087 [main] INFO  com.MySeleniumMavenAssignment.tests.BaseTest- Amazon.in website was closed
11:05:56,244 [main] INFO  com.MySeleniumMavenAssignment.tests.BaseTest- Chrome browser was opened successfully
11:05:58,804 [main] INFO  com.MySeleniumMavenAssignment.tests.BaseTest- Amazon.in website was opened
11:06:01,088 [main] INFO  com.MySeleniumMavenAssignment.tests.BaseTest- Test case failed
11:06:01,122 [main] INFO  com.MySeleniumMavenAssignment.tests.BaseTest- Amazon.in website was closed
11:06:02,260 [main] INFO  com.MySeleniumMavenAssignment.tests.BaseTest- Chrome browser was opened successfully
11:06:06,575 [main] INFO  com.MySeleniumMavenAssignment.tests.BaseTest- Amazon.in website was opened
11:06:08,522 [main] INFO  com.MySeleniumMavenAssignment.tests.BaseTest- Test case failed
11:06:08,556 [main] INFO  com.MySeleniumMavenAssignment.tests.BaseTest- Amazon.in website was closed
