22:25:34,303 [main] INFO  com.MySeleniumMavenAssignment.tests.BaseTest- Chrome browser was opened successfully
22:25:39,838 [main] INFO  com.MySeleniumMavenAssignment.tests.BaseTest- Amazon.in website was opened
22:25:41,133 [main] INFO  com.MySeleniumMavenAssignment.tests.NewUserAccountTest- Reach to Amazon Registration page
22:25:41,135 [main] INFO  com.MySeleniumMavenAssignment.tests.BaseTest- Test case passed 
22:25:41,244 [main] INFO  com.MySeleniumMavenAssignment.tests.BaseTest- Amazon.in website was closed
22:25:42,395 [main] INFO  com.MySeleniumMavenAssignment.tests.BaseTest- Chrome browser was opened successfully
22:25:45,400 [main] INFO  com.MySeleniumMavenAssignment.tests.BaseTest- Amazon.in website was opened
22:25:46,310 [main] INFO  com.MySeleniumMavenAssignment.tests.SignInTest- It is again Amazon Sign In Page
22:25:46,312 [main] INFO  com.MySeleniumMavenAssignment.tests.BaseTest- Test case passed 
22:25:46,428 [main] INFO  com.MySeleniumMavenAssignment.tests.BaseTest- Amazon.in website was closed
22:25:47,599 [main] INFO  com.MySeleniumMavenAssignment.tests.BaseTest- Chrome browser was opened successfully
22:25:50,543 [main] INFO  com.MySeleniumMavenAssignment.tests.BaseTest- Amazon.in website was opened
22:25:52,658 [main] INFO  com.MySeleniumMavenAssignment.tests.SearchboxTest- Search for product is Successful
22:25:52,660 [main] INFO  com.MySeleniumMavenAssignment.tests.BaseTest- Test case passed 
22:25:52,777 [main] INFO  com.MySeleniumMavenAssignment.tests.BaseTest- Amazon.in website was closed
22:25:53,970 [main] INFO  com.MySeleniumMavenAssignment.tests.BaseTest- Chrome browser was opened successfully
22:25:56,841 [main] INFO  com.MySeleniumMavenAssignment.tests.BaseTest- Amazon.in website was opened
22:26:05,790 [main] INFO  com.MySeleniumMavenAssignment.tests.ShoppingCartTest- It is a Amazon Shopping Cart Page
22:26:05,791 [main] INFO  com.MySeleniumMavenAssignment.tests.BaseTest- Test case passed 
22:26:05,892 [main] INFO  com.MySeleniumMavenAssignment.tests.BaseTest- Amazon.in website was closed
22:26:07,056 [main] INFO  com.MySeleniumMavenAssignment.tests.BaseTest- Chrome browser was opened successfully
22:26:09,388 [main] INFO  com.MySeleniumMavenAssignment.tests.BaseTest- Amazon.in website was opened
22:26:13,610 [main] INFO  com.MySeleniumMavenAssignment.tests.BaseTest- Test case failed
22:26:13,702 [main] INFO  com.MySeleniumMavenAssignment.tests.BaseTest- Amazon.in website was closed
22:26:14,858 [main] INFO  com.MySeleniumMavenAssignment.tests.BaseTest- Chrome browser was opened successfully
22:26:17,830 [main] INFO  com.MySeleniumMavenAssignment.tests.BaseTest- Amazon.in website was opened
22:26:22,147 [main] INFO  com.MySeleniumMavenAssignment.tests.SignInTest- It is a Amazon Sign In Page
22:26:22,148 [main] INFO  com.MySeleniumMavenAssignment.tests.BaseTest- Test case passed 
22:26:22,269 [main] INFO  com.MySeleniumMavenAssignment.tests.BaseTest- Amazon.in website was closed
22:26:23,487 [main] INFO  com.MySeleniumMavenAssignment.tests.BaseTest- Chrome browser was opened successfully
22:26:25,807 [main] INFO  com.MySeleniumMavenAssignment.tests.BaseTest- Amazon.in website was opened
22:26:27,430 [main] INFO  com.MySeleniumMavenAssignment.tests.BaseTest- Test case failed
22:26:27,551 [main] INFO  com.MySeleniumMavenAssignment.tests.BaseTest- Amazon.in website was closed
