22:51:44,307 [main] INFO  com.MySeleniumMavenAssignment.tests.BaseTest- Chrome browser was opened successfully
22:51:47,278 [main] INFO  com.MySeleniumMavenAssignment.tests.BaseTest- Amazon.in website was opened
22:51:48,569 [main] INFO  com.MySeleniumMavenAssignment.tests.NewUserAccountTest- Reach to Amazon Registration page
22:51:48,572 [main] INFO  com.MySeleniumMavenAssignment.tests.BaseTest- Test case passed 
22:51:48,697 [main] INFO  com.MySeleniumMavenAssignment.tests.BaseTest- Amazon.in website was closed
22:51:49,909 [main] INFO  com.MySeleniumMavenAssignment.tests.BaseTest- Chrome browser was opened successfully
22:51:52,233 [main] INFO  com.MySeleniumMavenAssignment.tests.BaseTest- Amazon.in website was opened
22:51:53,205 [main] INFO  com.MySeleniumMavenAssignment.tests.SignInTest- It is again Amazon Sign In Page
22:51:53,207 [main] INFO  com.MySeleniumMavenAssignment.tests.BaseTest- Test case passed 
22:51:53,316 [main] INFO  com.MySeleniumMavenAssignment.tests.BaseTest- Amazon.in website was closed
22:51:54,473 [main] INFO  com.MySeleniumMavenAssignment.tests.BaseTest- Chrome browser was opened successfully
22:51:57,080 [main] INFO  com.MySeleniumMavenAssignment.tests.BaseTest- Amazon.in website was opened
22:51:59,039 [main] INFO  com.MySeleniumMavenAssignment.tests.SearchboxTest- Search for product is Successful
22:51:59,040 [main] INFO  com.MySeleniumMavenAssignment.tests.BaseTest- Test case passed 
22:51:59,140 [main] INFO  com.MySeleniumMavenAssignment.tests.BaseTest- Amazon.in website was closed
22:52:00,300 [main] INFO  com.MySeleniumMavenAssignment.tests.BaseTest- Chrome browser was opened successfully
22:52:05,515 [main] INFO  com.MySeleniumMavenAssignment.tests.BaseTest- Amazon.in website was opened
22:52:14,237 [main] INFO  com.MySeleniumMavenAssignment.tests.ShoppingCartTest- It is a Amazon Shopping Cart Page
22:52:14,239 [main] INFO  com.MySeleniumMavenAssignment.tests.BaseTest- Test case passed 
22:52:14,339 [main] INFO  com.MySeleniumMavenAssignment.tests.BaseTest- Amazon.in website was closed
22:52:15,577 [main] INFO  com.MySeleniumMavenAssignment.tests.BaseTest- Chrome browser was opened successfully
22:52:18,258 [main] INFO  com.MySeleniumMavenAssignment.tests.BaseTest- Amazon.in website was opened
22:52:20,627 [main] INFO  com.MySeleniumMavenAssignment.tests.BaseTest- Test case failed
22:52:20,747 [main] INFO  com.MySeleniumMavenAssignment.tests.BaseTest- Amazon.in website was closed
22:52:21,960 [main] INFO  com.MySeleniumMavenAssignment.tests.BaseTest- Chrome browser was opened successfully
22:52:23,991 [main] INFO  com.MySeleniumMavenAssignment.tests.BaseTest- Amazon.in website was opened
22:52:27,745 [main] INFO  com.MySeleniumMavenAssignment.tests.SignInTest- It is a Amazon Sign In Page
22:52:27,747 [main] INFO  com.MySeleniumMavenAssignment.tests.BaseTest- Test case passed 
22:52:27,886 [main] INFO  com.MySeleniumMavenAssignment.tests.BaseTest- Amazon.in website was closed
22:52:29,172 [main] INFO  com.MySeleniumMavenAssignment.tests.BaseTest- Chrome browser was opened successfully
22:52:31,142 [main] INFO  com.MySeleniumMavenAssignment.tests.BaseTest- Amazon.in website was opened
22:52:32,701 [main] INFO  com.MySeleniumMavenAssignment.tests.BaseTest- Test case failed
22:52:32,825 [main] INFO  com.MySeleniumMavenAssignment.tests.BaseTest- Amazon.in website was closed
