13:55:45,861 [main] INFO  com.MySeleniumMavenAssignment.tests.BaseTest- Chrome browser was opened successfully
13:55:51,099 [main] INFO  com.MySeleniumMavenAssignment.tests.BaseTest- Amazon.in website was opened
13:55:52,768 [main] INFO  com.MySeleniumMavenAssignment.tests.NewUserAccountTest- Reach to Amazon Registration page
13:55:52,778 [main] INFO  com.MySeleniumMavenAssignment.tests.BaseTest- Test case passed 
13:55:52,817 [main] INFO  com.MySeleniumMavenAssignment.tests.BaseTest- Amazon.in website was closed
13:55:53,983 [main] INFO  com.MySeleniumMavenAssignment.tests.BaseTest- Chrome browser was opened successfully
13:55:56,667 [main] INFO  com.MySeleniumMavenAssignment.tests.BaseTest- Amazon.in website was opened
13:55:57,729 [main] INFO  com.MySeleniumMavenAssignment.tests.SignInTest- It is again Amazon Sign In Page
13:55:57,738 [main] INFO  com.MySeleniumMavenAssignment.tests.BaseTest- Test case passed 
13:55:57,778 [main] INFO  com.MySeleniumMavenAssignment.tests.BaseTest- Amazon.in website was closed
13:55:58,950 [main] INFO  com.MySeleniumMavenAssignment.tests.BaseTest- Chrome browser was opened successfully
13:56:01,186 [main] INFO  com.MySeleniumMavenAssignment.tests.BaseTest- Amazon.in website was opened
13:56:03,607 [main] INFO  com.MySeleniumMavenAssignment.tests.SearchboxTest- Search for product is Successful
13:56:03,610 [main] INFO  com.MySeleniumMavenAssignment.tests.BaseTest- Test case passed 
13:56:03,642 [main] INFO  com.MySeleniumMavenAssignment.tests.BaseTest- Amazon.in website was closed
13:56:04,792 [main] INFO  com.MySeleniumMavenAssignment.tests.BaseTest- Chrome browser was opened successfully
13:57:05,423 [main] INFO  com.MySeleniumMavenAssignment.tests.BaseTest- Amazon.in website was opened
13:57:14,612 [main] INFO  com.MySeleniumMavenAssignment.tests.ShoppingCartTest- It is a Amazon Shopping Cart Page
13:57:14,620 [main] INFO  com.MySeleniumMavenAssignment.tests.BaseTest- Test case passed 
13:57:14,662 [main] INFO  com.MySeleniumMavenAssignment.tests.BaseTest- Amazon.in website was closed
13:57:15,796 [main] INFO  com.MySeleniumMavenAssignment.tests.BaseTest- Chrome browser was opened successfully
13:57:21,018 [main] INFO  com.MySeleniumMavenAssignment.tests.BaseTest- Amazon.in website was opened
13:57:22,471 [main] INFO  com.MySeleniumMavenAssignment.tests.HelpTest- It is a Amazon Help Page
13:57:22,471 [main] INFO  com.MySeleniumMavenAssignment.tests.BaseTest- Test case passed 
13:57:22,519 [main] INFO  com.MySeleniumMavenAssignment.tests.BaseTest- Amazon.in website was closed
13:57:23,680 [main] INFO  com.MySeleniumMavenAssignment.tests.BaseTest- Chrome browser was opened successfully
13:57:25,996 [main] INFO  com.MySeleniumMavenAssignment.tests.BaseTest- Amazon.in website was opened
13:57:28,532 [main] INFO  com.MySeleniumMavenAssignment.tests.BaseTest- Test case failed
13:57:28,569 [main] INFO  com.MySeleniumMavenAssignment.tests.BaseTest- Amazon.in website was closed
13:57:29,742 [main] INFO  com.MySeleniumMavenAssignment.tests.BaseTest- Chrome browser was opened successfully
13:57:32,522 [main] INFO  com.MySeleniumMavenAssignment.tests.BaseTest- Amazon.in website was opened
13:57:34,144 [main] INFO  com.MySeleniumMavenAssignment.tests.SignInTest- It is again Amazon Sign In Page
13:57:34,144 [main] INFO  com.MySeleniumMavenAssignment.tests.BaseTest- Test case passed 
13:57:34,195 [main] INFO  com.MySeleniumMavenAssignment.tests.BaseTest- Amazon.in website was closed
