23:17:54,222 [main] INFO  com.MySeleniumMavenAssignment.tests.BaseTest- Chrome browser was opened successfully
23:18:00,629 [main] INFO  com.MySeleniumMavenAssignment.tests.BaseTest- Amazon.in website was opened
23:18:02,654 [main] INFO  com.MySeleniumMavenAssignment.tests.NewUserAccountTest- Reach to Amazon Registration page
23:18:02,657 [main] INFO  com.MySeleniumMavenAssignment.tests.BaseTest- Test case passed 
23:18:02,786 [main] INFO  com.MySeleniumMavenAssignment.tests.BaseTest- Amazon.in website was closed
23:18:03,957 [main] INFO  com.MySeleniumMavenAssignment.tests.BaseTest- Chrome browser was opened successfully
23:18:06,600 [main] INFO  com.MySeleniumMavenAssignment.tests.BaseTest- Amazon.in website was opened
23:18:07,535 [main] INFO  com.MySeleniumMavenAssignment.tests.SignInTest- It is again Amazon Sign In Page
23:18:07,537 [main] INFO  com.MySeleniumMavenAssignment.tests.BaseTest- Test case passed 
23:18:07,647 [main] INFO  com.MySeleniumMavenAssignment.tests.BaseTest- Amazon.in website was closed
23:18:08,867 [main] INFO  com.MySeleniumMavenAssignment.tests.BaseTest- Chrome browser was opened successfully
23:18:11,112 [main] INFO  com.MySeleniumMavenAssignment.tests.BaseTest- Amazon.in website was opened
23:18:13,052 [main] INFO  com.MySeleniumMavenAssignment.tests.SearchboxTest- Search for product is Successful
23:18:13,054 [main] INFO  com.MySeleniumMavenAssignment.tests.BaseTest- Test case passed 
23:18:13,179 [main] INFO  com.MySeleniumMavenAssignment.tests.BaseTest- Amazon.in website was closed
23:18:14,414 [main] INFO  com.MySeleniumMavenAssignment.tests.BaseTest- Chrome browser was opened successfully
23:18:16,594 [main] INFO  com.MySeleniumMavenAssignment.tests.BaseTest- Amazon.in website was opened
23:18:25,361 [main] INFO  com.MySeleniumMavenAssignment.tests.BaseTest- Test case failed
23:18:25,464 [main] INFO  com.MySeleniumMavenAssignment.tests.BaseTest- Amazon.in website was closed
23:18:26,723 [main] INFO  com.MySeleniumMavenAssignment.tests.BaseTest- Chrome browser was opened successfully
23:18:28,542 [main] INFO  com.MySeleniumMavenAssignment.tests.BaseTest- Amazon.in website was opened
23:18:30,800 [main] INFO  com.MySeleniumMavenAssignment.tests.HelpTest- It is a Amazon Help Page
23:18:30,802 [main] INFO  com.MySeleniumMavenAssignment.tests.BaseTest- Test case passed 
23:18:30,910 [main] INFO  com.MySeleniumMavenAssignment.tests.BaseTest- Amazon.in website was closed
23:18:32,072 [main] INFO  com.MySeleniumMavenAssignment.tests.BaseTest- Chrome browser was opened successfully
23:18:34,137 [main] INFO  com.MySeleniumMavenAssignment.tests.BaseTest- Amazon.in website was opened
23:18:37,921 [main] INFO  com.MySeleniumMavenAssignment.tests.SignInTest- It is a Amazon Sign In Page
23:18:37,922 [main] INFO  com.MySeleniumMavenAssignment.tests.BaseTest- Test case passed 
23:18:38,026 [main] INFO  com.MySeleniumMavenAssignment.tests.BaseTest- Amazon.in website was closed
23:18:39,261 [main] INFO  com.MySeleniumMavenAssignment.tests.BaseTest- Chrome browser was opened successfully
23:18:42,048 [main] INFO  com.MySeleniumMavenAssignment.tests.BaseTest- Amazon.in website was opened
23:18:43,669 [main] INFO  com.MySeleniumMavenAssignment.tests.BaseTest- Test case failed
23:18:43,799 [main] INFO  com.MySeleniumMavenAssignment.tests.BaseTest- Amazon.in website was closed
