21:58:17,007 [main] INFO  com.MySeleniumMavenAssignment.tests.BaseTest- Chrome browser was opened successfully
21:58:23,434 [main] INFO  com.MySeleniumMavenAssignment.tests.BaseTest- Amazon.in website was opened
21:58:24,853 [main] INFO  com.MySeleniumMavenAssignment.tests.NewUserAccountTest- Reach to Amazon Registration page
21:58:24,963 [main] INFO  com.MySeleniumMavenAssignment.tests.BaseTest- Amazon.in website was closed
21:58:26,181 [main] INFO  com.MySeleniumMavenAssignment.tests.BaseTest- Chrome browser was opened successfully
21:58:28,604 [main] INFO  com.MySeleniumMavenAssignment.tests.BaseTest- Amazon.in website was opened
21:58:29,898 [main] INFO  com.MySeleniumMavenAssignment.tests.SignInTest- It is again Amazon Sign In Page
21:58:30,022 [main] INFO  com.MySeleniumMavenAssignment.tests.BaseTest- Amazon.in website was closed
21:58:31,203 [main] INFO  com.MySeleniumMavenAssignment.tests.BaseTest- Chrome browser was opened successfully
21:58:33,771 [main] INFO  com.MySeleniumMavenAssignment.tests.BaseTest- Amazon.in website was opened
21:58:35,730 [main] INFO  com.MySeleniumMavenAssignment.tests.SearchboxTest- Search for product is Successful
21:58:35,843 [main] INFO  com.MySeleniumMavenAssignment.tests.BaseTest- Amazon.in website was closed
21:58:36,998 [main] INFO  com.MySeleniumMavenAssignment.tests.BaseTest- Chrome browser was opened successfully
21:58:39,485 [main] INFO  com.MySeleniumMavenAssignment.tests.BaseTest- Amazon.in website was opened
21:58:47,936 [main] INFO  com.MySeleniumMavenAssignment.tests.ShoppingCartTest- It is a Amazon Shopping Cart Page
21:58:48,036 [main] INFO  com.MySeleniumMavenAssignment.tests.BaseTest- Amazon.in website was closed
21:58:49,268 [main] INFO  com.MySeleniumMavenAssignment.tests.BaseTest- Chrome browser was opened successfully
21:58:51,899 [main] INFO  com.MySeleniumMavenAssignment.tests.BaseTest- Amazon.in website was opened
21:58:54,668 [main] INFO  com.MySeleniumMavenAssignment.tests.BaseTest- Amazon.in website was closed
21:58:55,817 [main] INFO  com.MySeleniumMavenAssignment.tests.BaseTest- Chrome browser was opened successfully
21:58:58,396 [main] INFO  com.MySeleniumMavenAssignment.tests.BaseTest- Amazon.in website was opened
21:59:02,127 [main] INFO  com.MySeleniumMavenAssignment.tests.SignInTest- It is a Amazon Sign In Page
21:59:02,230 [main] INFO  com.MySeleniumMavenAssignment.tests.BaseTest- Amazon.in website was closed
21:59:03,458 [main] INFO  com.MySeleniumMavenAssignment.tests.BaseTest- Chrome browser was opened successfully
21:59:06,115 [main] INFO  com.MySeleniumMavenAssignment.tests.BaseTest- Amazon.in website was opened
21:59:07,908 [main] INFO  com.MySeleniumMavenAssignment.tests.BaseTest- Amazon.in website was closed
