18:31:48,616 [main] INFO  com.MySeleniumMavenAssignment.tests.BaseTest- Chrome Browser opened
18:31:55,036 [main] INFO  com.MySeleniumMavenAssignment.tests.BaseTest- Amazon.in opened
18:31:56,047 [main] INFO  com.MySeleniumMavenAssignment.tests.NewUserAccountTest- Reach to Amazon Registration
18:31:56,179 [main] INFO  com.MySeleniumMavenAssignment.tests.BaseTest- Amazon.in closed
18:31:57,303 [main] INFO  com.MySeleniumMavenAssignment.tests.BaseTest- Chrome Browser opened
18:31:59,215 [main] INFO  com.MySeleniumMavenAssignment.tests.BaseTest- Amazon.in opened
18:32:00,029 [main] INFO  com.MySeleniumMavenAssignment.tests.SignInTest- It is again Amazon Sign In Page
18:32:00,142 [main] INFO  com.MySeleniumMavenAssignment.tests.BaseTest- Amazon.in closed
18:32:01,303 [main] INFO  com.MySeleniumMavenAssignment.tests.BaseTest- Chrome Browser opened
18:32:03,688 [main] INFO  com.MySeleniumMavenAssignment.tests.BaseTest- Amazon.in opened
18:32:05,906 [main] INFO  com.MySeleniumMavenAssignment.tests.SearchboxTest- Search is Successful
18:32:06,018 [main] INFO  com.MySeleniumMavenAssignment.tests.BaseTest- Amazon.in closed
18:32:07,180 [main] INFO  com.MySeleniumMavenAssignment.tests.BaseTest- Chrome Browser opened
18:32:09,870 [main] INFO  com.MySeleniumMavenAssignment.tests.BaseTest- Amazon.in opened
18:32:18,172 [main] INFO  com.MySeleniumMavenAssignment.tests.ShoppingCartTest- It is a Amazon Shopping Cart Page
18:32:18,283 [main] INFO  com.MySeleniumMavenAssignment.tests.BaseTest- Amazon.in closed
18:32:19,464 [main] INFO  com.MySeleniumMavenAssignment.tests.BaseTest- Chrome Browser opened
18:32:21,606 [main] INFO  com.MySeleniumMavenAssignment.tests.BaseTest- Amazon.in opened
18:32:24,147 [main] INFO  com.MySeleniumMavenAssignment.tests.BaseTest- Amazon.in closed
18:32:25,313 [main] INFO  com.MySeleniumMavenAssignment.tests.BaseTest- Chrome Browser opened
18:32:27,274 [main] INFO  com.MySeleniumMavenAssignment.tests.BaseTest- Amazon.in opened
18:32:30,900 [main] INFO  com.MySeleniumMavenAssignment.tests.SignInTest- It is a Amazon Sign In Page
18:32:31,006 [main] INFO  com.MySeleniumMavenAssignment.tests.BaseTest- Amazon.in closed
18:32:32,142 [main] INFO  com.MySeleniumMavenAssignment.tests.BaseTest- Chrome Browser opened
18:32:34,169 [main] INFO  com.MySeleniumMavenAssignment.tests.BaseTest- Amazon.in opened
18:32:36,144 [main] INFO  com.MySeleniumMavenAssignment.tests.BaseTest- Amazon.in closed
