11:05:28,531 [main] INFO  com.MySeleniumMavenAssignment.tests.BaseTest- Chrome browser was opened successfully
11:05:30,664 [main] INFO  com.MySeleniumMavenAssignment.tests.BaseTest- Amazon.in website was opened
11:05:32,256 [main] INFO  com.MySeleniumMavenAssignment.tests.NewUserAccountTest- Reach to Amazon Registration page
11:05:32,260 [main] INFO  com.MySeleniumMavenAssignment.tests.BaseTest- Test case passed 
11:05:32,308 [main] INFO  com.MySeleniumMavenAssignment.tests.BaseTest- Amazon.in website was closed
11:05:34,138 [main] INFO  com.MySeleniumMavenAssignment.tests.BaseTest- Chrome browser was opened successfully
11:05:36,275 [main] INFO  com.MySeleniumMavenAssignment.tests.BaseTest- Amazon.in website was opened
11:05:37,598 [main] INFO  com.MySeleniumMavenAssignment.tests.SignInTest- It is again Amazon Sign In Page
11:05:37,600 [main] INFO  com.MySeleniumMavenAssignment.tests.BaseTest- Test case passed 
11:05:37,638 [main] INFO  com.MySeleniumMavenAssignment.tests.BaseTest- Amazon.in website was closed
11:05:39,629 [main] INFO  com.MySeleniumMavenAssignment.tests.BaseTest- Chrome browser was opened successfully
11:05:41,734 [main] INFO  com.MySeleniumMavenAssignment.tests.BaseTest- Amazon.in website was opened
11:05:43,929 [main] INFO  com.MySeleniumMavenAssignment.tests.SearchboxTest- Search for product is Successful
11:05:43,930 [main] INFO  com.MySeleniumMavenAssignment.tests.BaseTest- Test case passed 
11:05:43,974 [main] INFO  com.MySeleniumMavenAssignment.tests.BaseTest- Amazon.in website was closed
11:05:45,860 [main] INFO  com.MySeleniumMavenAssignment.tests.BaseTest- Chrome browser was opened successfully
11:05:48,067 [main] INFO  com.MySeleniumMavenAssignment.tests.BaseTest- Amazon.in website was opened
11:05:51,501 [main] INFO  com.MySeleniumMavenAssignment.tests.BaseTest- Test case failed
11:05:51,557 [main] INFO  com.MySeleniumMavenAssignment.tests.BaseTest- Amazon.in website was closed
11:05:53,574 [main] INFO  com.MySeleniumMavenAssignment.tests.BaseTest- Chrome browser was opened successfully
11:05:58,166 [main] INFO  com.MySeleniumMavenAssignment.tests.BaseTest- Amazon.in website was opened
11:05:58,476 [main] INFO  com.MySeleniumMavenAssignment.tests.BaseTest- Test case failed
11:05:58,516 [main] INFO  com.MySeleniumMavenAssignment.tests.BaseTest- Amazon.in website was closed
11:06:00,839 [main] INFO  com.MySeleniumMavenAssignment.tests.BaseTest- Chrome browser was opened successfully
11:06:04,499 [main] INFO  com.MySeleniumMavenAssignment.tests.BaseTest- Amazon.in website was opened
11:06:07,296 [main] INFO  com.MySeleniumMavenAssignment.tests.BaseTest- Test case failed
11:06:07,331 [main] INFO  com.MySeleniumMavenAssignment.tests.BaseTest- Amazon.in website was closed
11:06:10,199 [main] INFO  com.MySeleniumMavenAssignment.tests.BaseTest- Chrome browser was opened successfully
11:06:12,584 [main] INFO  com.MySeleniumMavenAssignment.tests.BaseTest- Amazon.in website was opened
11:06:14,355 [main] INFO  com.MySeleniumMavenAssignment.tests.SignInTest- It is again Amazon Sign In Page
11:06:14,357 [main] INFO  com.MySeleniumMavenAssignment.tests.BaseTest- Test case passed 
11:06:14,386 [main] INFO  com.MySeleniumMavenAssignment.tests.BaseTest- Amazon.in website was closed
