11:02:19,019 [main] INFO  com.MySeleniumMavenAssignment.tests.BaseTest- Chrome browser was opened successfully
11:02:25,819 [main] INFO  com.MySeleniumMavenAssignment.tests.BaseTest- Amazon.in website was opened
11:02:28,336 [main] INFO  com.MySeleniumMavenAssignment.tests.NewUserAccountTest- Reach to Amazon Registration page
11:02:28,342 [main] INFO  com.MySeleniumMavenAssignment.tests.BaseTest- Test case passed 
11:02:28,594 [main] INFO  com.MySeleniumMavenAssignment.tests.BaseTest- Amazon.in website was closed
11:02:30,763 [main] INFO  com.MySeleniumMavenAssignment.tests.BaseTest- Chrome browser was opened successfully
11:02:41,419 [main] INFO  com.MySeleniumMavenAssignment.tests.BaseTest- Amazon.in website was opened
11:02:42,461 [main] INFO  com.MySeleniumMavenAssignment.tests.SignInTest- It is again Amazon Sign In Page
11:02:42,463 [main] INFO  com.MySeleniumMavenAssignment.tests.BaseTest- Test case passed 
11:02:42,571 [main] INFO  com.MySeleniumMavenAssignment.tests.BaseTest- Amazon.in website was closed
11:02:44,345 [main] INFO  com.MySeleniumMavenAssignment.tests.BaseTest- Chrome browser was opened successfully
11:03:10,266 [main] INFO  com.MySeleniumMavenAssignment.tests.BaseTest- Amazon.in website was opened
11:03:12,393 [main] INFO  com.MySeleniumMavenAssignment.tests.SearchboxTest- Search for product is Successful
11:03:12,395 [main] INFO  com.MySeleniumMavenAssignment.tests.BaseTest- Test case passed 
11:03:12,527 [main] INFO  com.MySeleniumMavenAssignment.tests.BaseTest- Amazon.in website was closed
11:03:14,281 [main] INFO  com.MySeleniumMavenAssignment.tests.BaseTest- Chrome browser was opened successfully
11:03:20,568 [main] INFO  com.MySeleniumMavenAssignment.tests.BaseTest- Amazon.in website was opened
11:03:36,732 [main] INFO  com.MySeleniumMavenAssignment.tests.BaseTest- Test case failed
11:03:36,828 [main] INFO  com.MySeleniumMavenAssignment.tests.BaseTest- Amazon.in website was closed
11:03:38,856 [main] INFO  com.MySeleniumMavenAssignment.tests.BaseTest- Chrome browser was opened successfully
11:03:41,189 [main] INFO  com.MySeleniumMavenAssignment.tests.BaseTest- Amazon.in website was opened
11:03:41,615 [main] INFO  com.MySeleniumMavenAssignment.tests.BaseTest- Test case failed
11:03:41,731 [main] INFO  com.MySeleniumMavenAssignment.tests.BaseTest- Amazon.in website was closed
11:03:43,809 [main] INFO  com.MySeleniumMavenAssignment.tests.BaseTest- Chrome browser was opened successfully
11:03:47,972 [main] INFO  com.MySeleniumMavenAssignment.tests.BaseTest- Amazon.in website was opened
11:03:51,709 [main] INFO  com.MySeleniumMavenAssignment.tests.BaseTest- Test case failed
11:03:51,825 [main] INFO  com.MySeleniumMavenAssignment.tests.BaseTest- Amazon.in website was closed
11:03:53,823 [main] INFO  com.MySeleniumMavenAssignment.tests.BaseTest- Chrome browser was opened successfully
11:03:57,102 [main] INFO  com.MySeleniumMavenAssignment.tests.BaseTest- Amazon.in website was opened
11:03:59,201 [main] INFO  com.MySeleniumMavenAssignment.tests.BaseTest- Test case failed
11:03:59,317 [main] INFO  com.MySeleniumMavenAssignment.tests.BaseTest- Amazon.in website was closed
