09:54:35,277 [main] INFO  com.MySeleniumMavenAssignment.tests.BaseTest- Chrome browser was opened successfully
09:54:41,780 [main] INFO  com.MySeleniumMavenAssignment.tests.BaseTest- Amazon.in website was opened
09:54:43,045 [main] INFO  com.MySeleniumMavenAssignment.tests.NewUserAccountTest- Reach to Amazon Registration page
09:54:43,049 [main] INFO  com.MySeleniumMavenAssignment.tests.BaseTest- Test case passed 
09:54:43,175 [main] INFO  com.MySeleniumMavenAssignment.tests.BaseTest- Amazon.in website was closed
09:54:44,344 [main] INFO  com.MySeleniumMavenAssignment.tests.BaseTest- Chrome browser was opened successfully
09:54:46,404 [main] INFO  com.MySeleniumMavenAssignment.tests.BaseTest- Amazon.in website was opened
09:54:47,360 [main] INFO  com.MySeleniumMavenAssignment.tests.SignInTest- It is again Amazon Sign In Page
09:54:47,362 [main] INFO  com.MySeleniumMavenAssignment.tests.BaseTest- Test case passed 
09:54:47,489 [main] INFO  com.MySeleniumMavenAssignment.tests.BaseTest- Amazon.in website was closed
09:54:48,641 [main] INFO  com.MySeleniumMavenAssignment.tests.BaseTest- Chrome browser was opened successfully
09:54:50,663 [main] INFO  com.MySeleniumMavenAssignment.tests.BaseTest- Amazon.in website was opened
09:54:52,556 [main] INFO  com.MySeleniumMavenAssignment.tests.SearchboxTest- Search for product is Successful
09:54:52,557 [main] INFO  com.MySeleniumMavenAssignment.tests.BaseTest- Test case passed 
09:54:52,661 [main] INFO  com.MySeleniumMavenAssignment.tests.BaseTest- Amazon.in website was closed
09:54:53,829 [main] INFO  com.MySeleniumMavenAssignment.tests.BaseTest- Chrome browser was opened successfully
09:54:55,854 [main] INFO  com.MySeleniumMavenAssignment.tests.BaseTest- Amazon.in website was opened
09:55:03,540 [main] INFO  com.MySeleniumMavenAssignment.tests.BaseTest- Test case failed
09:55:03,640 [main] INFO  com.MySeleniumMavenAssignment.tests.BaseTest- Amazon.in website was closed
09:55:04,765 [main] INFO  com.MySeleniumMavenAssignment.tests.BaseTest- Chrome browser was opened successfully
09:55:07,061 [main] INFO  com.MySeleniumMavenAssignment.tests.BaseTest- Amazon.in website was opened
09:55:09,135 [main] INFO  com.MySeleniumMavenAssignment.tests.HelpTest- It is a Amazon Help Page
09:55:09,137 [main] INFO  com.MySeleniumMavenAssignment.tests.BaseTest- Test case passed 
09:55:09,240 [main] INFO  com.MySeleniumMavenAssignment.tests.BaseTest- Amazon.in website was closed
09:55:10,400 [main] INFO  com.MySeleniumMavenAssignment.tests.BaseTest- Chrome browser was opened successfully
09:55:12,554 [main] INFO  com.MySeleniumMavenAssignment.tests.BaseTest- Amazon.in website was opened
09:55:16,321 [main] INFO  com.MySeleniumMavenAssignment.tests.SignInTest- It is a Amazon Sign In Page
09:55:16,322 [main] INFO  com.MySeleniumMavenAssignment.tests.BaseTest- Test case passed 
09:55:16,423 [main] INFO  com.MySeleniumMavenAssignment.tests.BaseTest- Amazon.in website was closed
09:55:17,568 [main] INFO  com.MySeleniumMavenAssignment.tests.BaseTest- Chrome browser was opened successfully
09:55:19,560 [main] INFO  com.MySeleniumMavenAssignment.tests.BaseTest- Amazon.in website was opened
09:55:21,144 [main] INFO  com.MySeleniumMavenAssignment.tests.BaseTest- Test case failed
09:55:21,247 [main] INFO  com.MySeleniumMavenAssignment.tests.BaseTest- Amazon.in website was closed
