22:13:04,170 [main] INFO  com.MySeleniumMavenAssignment.tests.BaseTest- Chrome browser was opened successfully
22:13:07,961 [main] INFO  com.MySeleniumMavenAssignment.tests.BaseTest- Amazon.in website was opened
22:13:09,303 [main] INFO  com.MySeleniumMavenAssignment.tests.NewUserAccountTest- Reach to Amazon Registration page
22:13:09,307 [main] INFO  com.MySeleniumMavenAssignment.tests.BaseTest- Test case passed 
22:13:09,444 [main] INFO  com.MySeleniumMavenAssignment.tests.BaseTest- Amazon.in website was closed
22:13:10,616 [main] INFO  com.MySeleniumMavenAssignment.tests.BaseTest- Chrome browser was opened successfully
22:13:14,089 [main] INFO  com.MySeleniumMavenAssignment.tests.BaseTest- Amazon.in website was opened
22:13:15,083 [main] INFO  com.MySeleniumMavenAssignment.tests.SignInTest- It is again Amazon Sign In Page
22:13:15,085 [main] INFO  com.MySeleniumMavenAssignment.tests.BaseTest- Test case passed 
22:13:15,195 [main] INFO  com.MySeleniumMavenAssignment.tests.BaseTest- Amazon.in website was closed
22:13:16,347 [main] INFO  com.MySeleniumMavenAssignment.tests.BaseTest- Chrome browser was opened successfully
22:13:18,802 [main] INFO  com.MySeleniumMavenAssignment.tests.BaseTest- Amazon.in website was opened
22:13:21,011 [main] INFO  com.MySeleniumMavenAssignment.tests.SearchboxTest- Search for product is Successful
22:13:21,012 [main] INFO  com.MySeleniumMavenAssignment.tests.BaseTest- Test case passed 
22:13:21,133 [main] INFO  com.MySeleniumMavenAssignment.tests.BaseTest- Amazon.in website was closed
22:13:22,293 [main] INFO  com.MySeleniumMavenAssignment.tests.BaseTest- Chrome browser was opened successfully
22:13:25,299 [main] INFO  com.MySeleniumMavenAssignment.tests.BaseTest- Amazon.in website was opened
22:13:33,519 [main] INFO  com.MySeleniumMavenAssignment.tests.ShoppingCartTest- It is a Amazon Shopping Cart Page
22:13:33,520 [main] INFO  com.MySeleniumMavenAssignment.tests.BaseTest- Test case passed 
22:13:33,627 [main] INFO  com.MySeleniumMavenAssignment.tests.BaseTest- Amazon.in website was closed
22:13:34,857 [main] INFO  com.MySeleniumMavenAssignment.tests.BaseTest- Chrome browser was opened successfully
22:13:37,824 [main] INFO  com.MySeleniumMavenAssignment.tests.BaseTest- Amazon.in website was opened
22:13:40,268 [main] INFO  com.MySeleniumMavenAssignment.tests.BaseTest- Test case failed
22:13:40,366 [main] INFO  com.MySeleniumMavenAssignment.tests.BaseTest- Amazon.in website was closed
22:13:41,496 [main] INFO  com.MySeleniumMavenAssignment.tests.BaseTest- Chrome browser was opened successfully
22:13:44,485 [main] INFO  com.MySeleniumMavenAssignment.tests.BaseTest- Amazon.in website was opened
22:13:48,276 [main] INFO  com.MySeleniumMavenAssignment.tests.SignInTest- It is a Amazon Sign In Page
22:13:48,277 [main] INFO  com.MySeleniumMavenAssignment.tests.BaseTest- Test case passed 
22:13:48,404 [main] INFO  com.MySeleniumMavenAssignment.tests.BaseTest- Amazon.in website was closed
22:13:49,561 [main] INFO  com.MySeleniumMavenAssignment.tests.BaseTest- Chrome browser was opened successfully
22:13:51,700 [main] INFO  com.MySeleniumMavenAssignment.tests.BaseTest- Amazon.in website was opened
22:13:54,245 [main] INFO  com.MySeleniumMavenAssignment.tests.BaseTest- Test case failed
22:13:54,363 [main] INFO  com.MySeleniumMavenAssignment.tests.BaseTest- Amazon.in website was closed
