18:41:20,761 [main] INFO  com.MySeleniumMavenAssignment.tests.BaseTest- Chrome browser was opened successfully
18:41:22,565 [main] INFO  com.MySeleniumMavenAssignment.tests.BaseTest- Amazon.in website was opened
18:41:24,710 [main] INFO  com.MySeleniumMavenAssignment.tests.NewUserAccountTest- Reach to Amazon Registration
18:41:28,888 [main] INFO  com.MySeleniumMavenAssignment.tests.BaseTest- Amazon.in website was closed
18:41:30,133 [main] INFO  com.MySeleniumMavenAssignment.tests.BaseTest- Chrome browser was opened successfully
18:41:31,932 [main] INFO  com.MySeleniumMavenAssignment.tests.BaseTest- Amazon.in website was opened
18:41:33,205 [main] INFO  com.MySeleniumMavenAssignment.tests.SignInTest- It is again Amazon Sign In Page
18:41:33,321 [main] INFO  com.MySeleniumMavenAssignment.tests.BaseTest- Amazon.in website was closed
18:41:34,536 [main] INFO  com.MySeleniumMavenAssignment.tests.BaseTest- Chrome browser was opened successfully
18:41:37,018 [main] INFO  com.MySeleniumMavenAssignment.tests.BaseTest- Amazon.in website was opened
18:41:39,204 [main] INFO  com.MySeleniumMavenAssignment.tests.SearchboxTest- Search is Successful
18:41:43,392 [main] INFO  com.MySeleniumMavenAssignment.tests.BaseTest- Amazon.in website was closed
18:41:44,639 [main] INFO  com.MySeleniumMavenAssignment.tests.BaseTest- Chrome browser was opened successfully
18:41:46,920 [main] INFO  com.MySeleniumMavenAssignment.tests.BaseTest- Amazon.in website was opened
18:41:54,760 [main] INFO  com.MySeleniumMavenAssignment.tests.ShoppingCartTest- It is a Amazon Shopping Cart Page
18:41:58,935 [main] INFO  com.MySeleniumMavenAssignment.tests.BaseTest- Amazon.in website was closed
18:42:00,159 [main] INFO  com.MySeleniumMavenAssignment.tests.BaseTest- Chrome browser was opened successfully
18:42:02,183 [main] INFO  com.MySeleniumMavenAssignment.tests.BaseTest- Amazon.in website was opened
18:42:08,626 [main] INFO  com.MySeleniumMavenAssignment.tests.BaseTest- Amazon.in website was closed
18:42:09,882 [main] INFO  com.MySeleniumMavenAssignment.tests.BaseTest- Chrome browser was opened successfully
18:42:11,876 [main] INFO  com.MySeleniumMavenAssignment.tests.BaseTest- Amazon.in website was opened
18:42:15,148 [main] INFO  com.MySeleniumMavenAssignment.tests.SignInTest- It is a Amazon Sign In Page
18:42:19,291 [main] INFO  com.MySeleniumMavenAssignment.tests.BaseTest- Amazon.in website was closed
18:42:20,548 [main] INFO  com.MySeleniumMavenAssignment.tests.BaseTest- Chrome browser was opened successfully
18:42:22,619 [main] INFO  com.MySeleniumMavenAssignment.tests.BaseTest- Amazon.in website was opened
18:42:28,619 [main] INFO  com.MySeleniumMavenAssignment.tests.BaseTest- Amazon.in website was closed
